Copyright 1986-2019 Xilinx, Inc. All Rights Reserved.
--------------------------------------------------------------------------------------------
| Tool Version : Vivado v.2019.1 (win64) Build 2552052 Fri May 24 14:49:42 MDT 2019
| Date         : Fri Oct  9 18:54:40 2020
| Host         : DESKTOP-ALAIN running 64-bit major release  (build 9200)
| Command      : report_clock_utilization -file system_wrapper_clock_utilization_routed.rpt
| Design       : system_wrapper
| Device       : 7z020-clg484
| Speed File   : -1  PRODUCTION 1.11 2014-09-11
| Design State : Routed
--------------------------------------------------------------------------------------------

Clock Utilization Report

Table of Contents
-----------------
1. Clock Primitive Utilization
2. Global Clock Resources
3. Global Clock Source Details
4. Local Clock Details
5. Clock Regions: Key Resource Utilization
6. Clock Regions : Global Clock Summary
7. Device Cell Placement Summary for Global Clock g0
8. Device Cell Placement Summary for Global Clock g1
9. Device Cell Placement Summary for Global Clock g2
10. Device Cell Placement Summary for Global Clock g3
11. Device Cell Placement Summary for Global Clock g4
12. Device Cell Placement Summary for Global Clock g5
13. Device Cell Placement Summary for Global Clock g6
14. Device Cell Placement Summary for Global Clock g7
15. Device Cell Placement Summary for Global Clock g8
16. Device Cell Placement Summary for Global Clock g9
17. Device Cell Placement Summary for Global Clock g10
18. Device Cell Placement Summary for Global Clock g11
19. Device Cell Placement Summary for Global Clock g12
20. Device Cell Placement Summary for Global Clock g13
21. Device Cell Placement Summary for Global Clock g14
22. Clock Region Cell Placement per Global Clock: Region X0Y0
23. Clock Region Cell Placement per Global Clock: Region X0Y1
24. Clock Region Cell Placement per Global Clock: Region X1Y1
25. Clock Region Cell Placement per Global Clock: Region X0Y2
26. Clock Region Cell Placement per Global Clock: Region X1Y2

1. Clock Primitive Utilization
------------------------------

+----------+------+-----------+-----+--------------+--------+
| Type     | Used | Available | LOC | Clock Region | Pblock |
+----------+------+-----------+-----+--------------+--------+
| BUFGCTRL |   15 |        32 |   0 |            0 |      0 |
| BUFH     |    0 |        72 |   0 |            0 |      0 |
| BUFIO    |    0 |        16 |   0 |            0 |      0 |
| BUFMR    |    0 |         8 |   0 |            0 |      0 |
| BUFR     |    0 |        16 |   0 |            0 |      0 |
| MMCM     |    0 |         4 |   0 |            0 |      0 |
| PLL      |    0 |         4 |   0 |            0 |      0 |
+----------+------+-----------+-----+--------------+--------+


2. Global Clock Resources
-------------------------

+-----------+-----------+-----------------+------------+----------------+--------------+-------------------+-------------+-----------------+--------------+------------+------------------------------------------------------------------------+----------------------------------------------------------------+
| Global Id | Source Id | Driver Type/Pin | Constraint | Site           | Clock Region | Load Clock Region | Clock Loads | Non-Clock Loads | Clock Period | Clock      | Driver Pin                                                             | Net                                                            |
+-----------+-----------+-----------------+------------+----------------+--------------+-------------------+-------------+-----------------+--------------+------------+------------------------------------------------------------------------+----------------------------------------------------------------+
| g0        | src0      | BUFG/O          | None       | BUFGCTRL_X0Y16 | n/a          |                 5 |        3992 |               0 |        5.000 | clk_fpga_0 | system_i/processing_system7_0/inst/buffer_fclk_clk_0.FCLK_CLK_0_BUFG/O | system_i/processing_system7_0/inst/FCLK_CLK0                   |
| g1        | src0      | BUFG/O          | None       | BUFGCTRL_X0Y20 | n/a          |                 2 |         325 |               0 |      200.000 | clk_fpga_2 | system_i/processing_system7_0/inst/buffer_fclk_clk_2.FCLK_CLK_2_BUFG/O | system_i/processing_system7_0/inst/FCLK_CLK2                   |
| g2        | src1      | BUFG/O          | None       | BUFGCTRL_X0Y0  | n/a          |                 2 |         232 |               0 |              |            | system_i/AD_9637_IF_0/gen_adc0_serdes[0].ISERDESE2_inst_adc0_i_3/O     | system_i/AD_9637_IF_0/u_AD_9367_deserializer/adc0_gear_box_clk |
| g3        | src2      | BUFG/O          | None       | BUFGCTRL_X0Y1  | n/a          |                 3 |         232 |               0 |              |            | system_i/AD_9637_IF_0/gen_adc1_serdes[0].ISERDESE2_inst_adc1_i_3/O     | system_i/AD_9637_IF_0/u_AD_9367_deserializer/adc1_gear_box_clk |
| g4        | src3      | BUFG/O          | None       | BUFGCTRL_X0Y2  | n/a          |                 1 |          81 |               0 |              |            | system_i/AD_9637_IF_0/add_times_copy_reg[10]_i_1/O                     | system_i/AD_9637_IF_0/adc0_clk_to_data_process[0]              |
| g5        | src4      | BUFG/O          | None       | BUFGCTRL_X0Y3  | n/a          |                 1 |          81 |               0 |              |            | system_i/AD_9637_IF_0/add_times_copy_reg[10]_i_1__0/O                  | system_i/AD_9637_IF_0/adc0_clk_to_data_process[1]              |
| g6        | src5      | BUFG/O          | None       | BUFGCTRL_X0Y4  | n/a          |                 1 |          81 |               0 |              |            | system_i/AD_9637_IF_0/add_times_copy_reg[10]_i_1__1/O                  | system_i/AD_9637_IF_0/adc0_clk_to_data_process[2]              |
| g7        | src6      | BUFG/O          | None       | BUFGCTRL_X0Y5  | n/a          |                 2 |          81 |               0 |              |            | system_i/AD_9637_IF_0/add_times_copy_reg[10]_i_1__2/O                  | system_i/AD_9637_IF_0/adc0_clk_to_data_process[3]              |
| g8        | src7      | BUFG/O          | None       | BUFGCTRL_X0Y6  | n/a          |                 2 |          81 |               0 |              |            | system_i/AD_9637_IF_0/add_times_copy_reg[10]_i_1__3/O                  | system_i/AD_9637_IF_0/adc0_clk_to_data_process[4]              |
| g9        | src8      | BUFG/O          | None       | BUFGCTRL_X0Y7  | n/a          |                 2 |          81 |               0 |              |            | system_i/AD_9637_IF_0/add_times_copy_reg[10]_i_1__4/O                  | system_i/AD_9637_IF_0/adc0_clk_to_data_process[5]              |
| g10       | src9      | BUFG/O          | None       | BUFGCTRL_X0Y8  | n/a          |                 1 |          81 |               0 |              |            | system_i/AD_9637_IF_0/add_times_copy_reg[10]_i_1__5/O                  | system_i/AD_9637_IF_0/adc0_clk_to_data_process[6]              |
| g11       | src10     | BUFG/O          | None       | BUFGCTRL_X0Y9  | n/a          |                 1 |          81 |               0 |              |            | system_i/AD_9637_IF_0/add_times_copy_reg[10]_i_1__6/O                  | system_i/AD_9637_IF_0/adc0_clk_to_data_process[7]              |
| g12       | src11     | BUFG/O          | None       | BUFGCTRL_X0Y17 | n/a          |                 2 |          19 |               0 |              |            | system_i/AD_9637_IF_0/gen_adc0_serdes[0].ISERDESE2_inst_adc0_i_1/O     | system_i/AD_9637_IF_0/u_AD_9367_deserializer/adc0_dco_single   |
| g13       | src12     | BUFG/O          | None       | BUFGCTRL_X0Y18 | n/a          |                 1 |          19 |               0 |              |            | system_i/AD_9637_IF_0/gen_adc1_serdes[0].ISERDESE2_inst_adc1_i_1/O     | system_i/AD_9637_IF_0/u_AD_9367_deserializer/adc1_dco_single   |
| g14       | src0      | BUFG/O          | None       | BUFGCTRL_X0Y19 | n/a          |                 2 |           0 |               2 |        6.000 | clk_fpga_1 | system_i/processing_system7_0/inst/buffer_fclk_clk_1.FCLK_CLK_1_BUFG/O | system_i/processing_system7_0/inst/FCLK_CLK1                   |
+-----------+-----------+-----------------+------------+----------------+--------------+-------------------+-------------+-----------------+--------------+------------+------------------------------------------------------------------------+----------------------------------------------------------------+
* Clock Loads column represents the clock pin loads (pin count)
** Non-Clock Loads column represents the non-clock pin loads (pin count)


3. Global Clock Source Details
------------------------------

+-----------+-----------+-----------------+------------+---------------+--------------+-------------+-----------------+---------------------+--------------+--------------------------------------------------------------------------------------------+--------------------------------------------------------------------------------------------+
| Source Id | Global Id | Driver Type/Pin | Constraint | Site          | Clock Region | Clock Loads | Non-Clock Loads | Source Clock Period | Source Clock | Driver Pin                                                                                 | Net                                                                                        |
+-----------+-----------+-----------------+------------+---------------+--------------+-------------+-----------------+---------------------+--------------+--------------------------------------------------------------------------------------------+--------------------------------------------------------------------------------------------+
| src0      | g0        | PS7/FCLKCLK[0]  | PS7_X0Y0   | PS7_X0Y0      | X0Y2         |           1 |               0 |               5.000 | clk_fpga_0   | system_i/processing_system7_0/inst/PS7_i/FCLKCLK[0]                                        | system_i/processing_system7_0/inst/FCLK_CLK_unbuffered[0]                                  |
| src0      | g14       | PS7/FCLKCLK[1]  | PS7_X0Y0   | PS7_X0Y0      | X0Y2         |           1 |               0 |               6.000 | clk_fpga_1   | system_i/processing_system7_0/inst/PS7_i/FCLKCLK[1]                                        | system_i/processing_system7_0/inst/FCLK_CLK_unbuffered[1]                                  |
| src0      | g1        | PS7/FCLKCLK[2]  | PS7_X0Y0   | PS7_X0Y0      | X0Y2         |           1 |               0 |             200.000 | clk_fpga_2   | system_i/processing_system7_0/inst/PS7_i/FCLKCLK[2]                                        | system_i/processing_system7_0/inst/FCLK_CLK_unbuffered[2]                                  |
| src1      | g2        | FDRE/Q          | None       | SLICE_X84Y102 | X1Y2         |           1 |               0 |                     |              | system_i/AD_9637_IF_0/inst/u_AD_9367_deserializer/adc0_iserdes_clk_div_reg/Q               | system_i/AD_9637_IF_0/inst/u_AD_9367_deserializer/adc0_iserdes_clk_div_reg_0               |
| src2      | g3        | FDRE/Q          | None       | SLICE_X58Y100 | X1Y2         |           1 |               0 |                     |              | system_i/AD_9637_IF_0/inst/u_AD_9367_deserializer/adc1_iserdes_clk_div_reg/Q               | system_i/AD_9637_IF_0/inst/u_AD_9367_deserializer/adc1_iserdes_clk_div_reg_0               |
| src3      | g4        | FDRE/Q          | None       | SLICE_X61Y79  | X1Y1         |           1 |               0 |                     |              | system_i/AD_9637_IF_0/inst/u_AD_9367_deserializer/gen_adc0_gear_box[0].GB_adc0/ready_reg/Q | system_i/AD_9637_IF_0/inst/u_AD_9367_deserializer/gen_adc0_gear_box[0].GB_adc0/ready_reg_0 |
| src4      | g5        | FDRE/Q          | None       | SLICE_X58Y70  | X1Y1         |           1 |               0 |                     |              | system_i/AD_9637_IF_0/inst/u_AD_9367_deserializer/gen_adc0_gear_box[1].GB_adc0/ready_reg/Q | system_i/AD_9637_IF_0/inst/u_AD_9367_deserializer/gen_adc0_gear_box[1].GB_adc0/ready_reg_0 |
| src5      | g6        | FDRE/Q          | None       | SLICE_X60Y77  | X1Y1         |           1 |               0 |                     |              | system_i/AD_9637_IF_0/inst/u_AD_9367_deserializer/gen_adc0_gear_box[2].GB_adc0/ready_reg/Q | system_i/AD_9637_IF_0/inst/u_AD_9367_deserializer/gen_adc0_gear_box[2].GB_adc0/ready_reg_0 |
| src6      | g7        | FDRE/Q          | None       | SLICE_X56Y65  | X1Y1         |           1 |               0 |                     |              | system_i/AD_9637_IF_0/inst/u_AD_9367_deserializer/gen_adc0_gear_box[3].GB_adc0/ready_reg/Q | system_i/AD_9637_IF_0/inst/u_AD_9367_deserializer/gen_adc0_gear_box[3].GB_adc0/ready_reg_0 |
| src7      | g8        | FDRE/Q          | None       | SLICE_X50Y78  | X1Y1         |           1 |               0 |                     |              | system_i/AD_9637_IF_0/inst/u_AD_9367_deserializer/gen_adc0_gear_box[4].GB_adc0/ready_reg/Q | system_i/AD_9637_IF_0/inst/u_AD_9367_deserializer/gen_adc0_gear_box[4].GB_adc0/ready_reg_0 |
| src8      | g9        | FDRE/Q          | None       | SLICE_X50Y78  | X1Y1         |           1 |               0 |                     |              | system_i/AD_9637_IF_0/inst/u_AD_9367_deserializer/gen_adc0_gear_box[5].GB_adc0/ready_reg/Q | system_i/AD_9637_IF_0/inst/u_AD_9367_deserializer/gen_adc0_gear_box[5].GB_adc0/ready_reg_0 |
| src9      | g10       | FDRE/Q          | None       | SLICE_X56Y65  | X1Y1         |           1 |               0 |                     |              | system_i/AD_9637_IF_0/inst/u_AD_9367_deserializer/gen_adc0_gear_box[6].GB_adc0/ready_reg/Q | system_i/AD_9637_IF_0/inst/u_AD_9367_deserializer/gen_adc0_gear_box[6].GB_adc0/ready_reg_0 |
| src10     | g11       | FDRE/Q          | None       | SLICE_X60Y77  | X1Y1         |           1 |               0 |                     |              | system_i/AD_9637_IF_0/inst/u_AD_9367_deserializer/gen_adc0_gear_box[7].GB_adc0/ready_reg/Q | system_i/AD_9637_IF_0/inst/u_AD_9367_deserializer/gen_adc0_gear_box[7].GB_adc0/ready_reg_0 |
| src11     | g12       | IBUFDS/O        | IOB_X1Y72  | IOB_X1Y72     | X1Y1         |           1 |               0 |                     |              | system_i/AD_9637_IF_0/inst/u_AD_9367_deserializer/i_clk_in_ibuf_adc0/O                     | system_i/AD_9637_IF_0/inst/u_AD_9367_deserializer/adc0_dco_in_p_0                          |
| src12     | g13       | IBUFDS/O        | IOB_X1Y122 | IOB_X1Y122    | X1Y2         |           1 |               0 |                     |              | system_i/AD_9637_IF_0/inst/u_AD_9367_deserializer/i_clk_in_ibuf_adc1/O                     | system_i/AD_9637_IF_0/inst/u_AD_9367_deserializer/adc1_dco_in_p_0                          |
+-----------+-----------+-----------------+------------+---------------+--------------+-------------+-----------------+---------------------+--------------+--------------------------------------------------------------------------------------------+--------------------------------------------------------------------------------------------+
* Clock Loads column represents the clock pin loads (pin count)
** Non-Clock Loads column represents the non-clock pin loads (pin count)


4. Local Clock Details
----------------------

+----------+-----------------+------------+-------------------+--------------+-------------+-----------------+--------------+-------+--------------------------------------------------------------------------------------------+------------------------------------------------------------------------------------------------------------+
| Local Id | Driver Type/Pin | Constraint | Site/BEL          | Clock Region | Clock Loads | Non-Clock Loads | Clock Period | Clock | Driver Pin                                                                                 | Net                                                                                                        |
+----------+-----------------+------------+-------------------+--------------+-------------+-----------------+--------------+-------+--------------------------------------------------------------------------------------------+------------------------------------------------------------------------------------------------------------||
| 0        | FDRE/Q          | None       | SLICE_X85Y98/AFF  | X1Y1         |          81 |               0 |              |       | system_i/AD_9637_IF_0/inst/u_AD_9367_deserializer/gen_adc1_gear_box[0].GB_adc0/ready_reg/Q | system_i/AD_9637_IF_0/inst/u_AD_9367_deserializer/gen_adc1_gear_box[0].GB_adc0/adc1_clk_to_data_process[0] - Static -
| 1        | FDRE/Q          | None       | SLICE_X92Y100/AFF | X1Y2         |          81 |               0 |              |       | system_i/AD_9637_IF_0/inst/u_AD_9367_deserializer/gen_adc1_gear_box[1].GB_adc0/ready_reg/Q | system_i/AD_9637_IF_0/inst/u_AD_9367_deserializer/gen_adc1_gear_box[1].GB_adc0/adc1_clk_to_data_process[0] - Static -
| 2        | FDRE/Q          | None       | SLICE_X90Y98/AFF  | X1Y1         |          81 |               0 |              |       | system_i/AD_9637_IF_0/inst/u_AD_9367_deserializer/gen_adc1_gear_box[2].GB_adc0/ready_reg/Q | system_i/AD_9637_IF_0/inst/u_AD_9367_deserializer/gen_adc1_gear_box[2].GB_adc0/adc1_clk_to_data_process[0] - Static -
| 3        | FDRE/Q          | None       | SLICE_X85Y98/CFF  | X1Y1         |          81 |               0 |              |       | system_i/AD_9637_IF_0/inst/u_AD_9367_deserializer/gen_adc1_gear_box[3].GB_adc0/ready_reg/Q | system_i/AD_9637_IF_0/inst/u_AD_9367_deserializer/gen_adc1_gear_box[3].GB_adc0/adc1_clk_to_data_process[0] - Static -
| 4        | FDRE/Q          | None       | SLICE_X87Y95/AFF  | X1Y1         |          81 |               0 |              |       | system_i/AD_9637_IF_0/inst/u_AD_9367_deserializer/gen_adc1_gear_box[4].GB_adc0/ready_reg/Q | system_i/AD_9637_IF_0/inst/u_AD_9367_deserializer/gen_adc1_gear_box[4].GB_adc0/adc1_clk_to_data_process[0] - Static -
| 5        | FDRE/Q          | None       | SLICE_X89Y102/AFF | X1Y2         |          81 |               0 |              |       | system_i/AD_9637_IF_0/inst/u_AD_9367_deserializer/gen_adc1_gear_box[5].GB_adc0/ready_reg/Q | system_i/AD_9637_IF_0/inst/u_AD_9367_deserializer/gen_adc1_gear_box[5].GB_adc0/adc1_clk_to_data_process[0] - Static -
| 6        | FDRE/Q          | None       | SLICE_X85Y98/A5FF | X1Y1         |          81 |               0 |              |       | system_i/AD_9637_IF_0/inst/u_AD_9367_deserializer/gen_adc1_gear_box[6].GB_adc0/ready_reg/Q | system_i/AD_9637_IF_0/inst/u_AD_9367_deserializer/gen_adc1_gear_box[6].GB_adc0/adc1_clk_to_data_process[0] - Static -
| 7        | FDRE/Q          | None       | SLICE_X57Y101/AFF | X1Y2         |          81 |               0 |              |       | system_i/AD_9637_IF_0/inst/u_AD_9367_deserializer/gen_adc1_gear_box[7].GB_adc0/ready_reg/Q | system_i/AD_9637_IF_0/inst/u_AD_9367_deserializer/gen_adc1_gear_box[7].GB_adc0/adc1_clk_to_data_process[0] - Static -
+----------+-----------------+------------+-------------------+--------------+-------------+-----------------+--------------+-------+--------------------------------------------------------------------------------------------+------------------------------------------------------------------------------------------------------------||
* Local Clocks in this context represents only clocks driven by non-global buffers
** Clock Loads column represents the clock pin loads (pin count)
*** Non-Clock Loads column represents the non-clock pin loads (pin count)


5. Clock Regions: Key Resource Utilization
------------------------------------------

+-------------------+--------------+--------------+--------------+--------------+--------------+--------------+--------------+--------------+--------------+--------------+--------------+--------------+--------------+--------------+--------------+
|                   | Global Clock |     BUFRs    |    BUFMRs    |    BUFIOs    |     MMCM     |      PLL     |      GT      |      PCI     |    ILOGIC    |    OLOGIC    |      FF      |     LUTM     |    RAMB18    |    RAMB36    |    DSP48E2   |
+-------------------+------+-------+------+-------+------+-------+------+-------+------+-------+------+-------+------+-------+------+-------+------+-------+------+-------+------+-------+------+-------+------+-------+------+-------+------+-------+
| Clock Region Name | Used | Avail | Used | Avail | Used | Avail | Used | Avail | Used | Avail | Used | Avail | Used | Avail | Used | Avail | Used | Avail | Used | Avail | Used | Avail | Used | Avail | Used | Avail | Used | Avail | Used | Avail |
+-------------------+------+-------+------+-------+------+-------+------+-------+------+-------+------+-------+------+-------+------+-------+------+-------+------+-------+------+-------+------+-------+------+-------+------+-------+------+-------+
| X0Y0              |    1 |    12 |    0 |     4 |    0 |     2 |    0 |     4 |    0 |     1 |    0 |     1 |    0 |     0 |    0 |     0 |    0 |    50 |    0 |    50 |  394 |  2500 |  174 |  1000 |    0 |    60 |    0 |    30 |    0 |    60 |
| X1Y0              |    0 |    12 |    0 |     4 |    0 |     2 |    0 |     4 |    0 |     1 |    0 |     1 |    0 |     0 |    0 |     0 |    0 |    50 |    0 |    50 |    0 |  3200 |    0 |   850 |    0 |    60 |    0 |    30 |    0 |    40 |
| X0Y1              |    5 |    12 |    0 |     0 |    0 |     0 |    0 |     0 |    0 |     0 |    0 |     0 |    0 |     0 |    0 |     0 |    0 |     0 |    0 |     0 | 2899 |  1200 | 1188 |   400 |    0 |    20 |    1 |    10 |    0 |    20 |
| X1Y1              |   12 |    12 |    0 |     4 |    0 |     2 |    0 |     4 |    0 |     1 |    0 |     1 |    0 |     0 |    0 |     0 |    8 |    50 |    0 |    50 | 1725 |  2600 |  502 |   850 |    0 |    60 |    1 |    30 |    0 |    40 |
| X0Y2              |    3 |    12 |    0 |     0 |    0 |     0 |    0 |     0 |    0 |     0 |    0 |     0 |    0 |     0 |    0 |     0 |    0 |     0 |    0 |     0 |  311 |  1200 |  135 |   400 |    0 |    20 |    0 |    10 |    0 |    20 |
| X1Y2              |    7 |    12 |    0 |     4 |    0 |     2 |    0 |     4 |    0 |     1 |    0 |     1 |    0 |     0 |    0 |     0 |    8 |    50 |    0 |    50 |  527 |  2600 |  183 |   850 |    0 |    60 |    0 |    30 |    0 |    40 |
+-------------------+------+-------+------+-------+------+-------+------+-------+------+-------+------+-------+------+-------+------+-------+------+-------+------+-------+------+-------+------+-------+------+-------+------+-------+------+-------+
* Global Clock column represents track count; while other columns represents cell counts


6. Clock Regions : Global Clock Summary
---------------------------------------

All Modules
+----+----+----+
|    | X0 | X1 |
+----+----+----+
| Y2 |  3 |  7 |
| Y1 |  5 | 12 |
| Y0 |  1 |  0 |
+----+----+----+


7. Device Cell Placement Summary for Global Clock g0
----------------------------------------------------

+-----------+-----------------+-------------------+------------+-------------+---------------+-------------+----------+----------------+----------+----------------------------------------------+
| Global Id | Driver Type/Pin | Driver Region (D) | Clock      | Period (ns) | Waveform (ns) | Slice Loads | IO Loads | Clocking Loads | GT Loads | Net                                          |
+-----------+-----------------+-------------------+------------+-------------+---------------+-------------+----------+----------------+----------+----------------------------------------------+
| g0        | BUFG/O          | n/a               | clk_fpga_0 |       5.000 | {0.000 2.500} |        3985 |        0 |              0 |        0 | system_i/processing_system7_0/inst/FCLK_CLK0 |
+-----------+-----------------+-------------------+------------+-------------+---------------+-------------+----------+----------------+----------+----------------------------------------------+
* Slice Loads column represents load cell count of all cell types other than IO, GT and clock resources
** IO Loads column represents load cell count of IO types
*** Clocking Loads column represents load cell count that are clock resources (global clock buffer, MMCM, PLL, etc)
**** GT Loads column represents load cell count of GT types


+----+-------+------+
|    | X0    | X1   |
+----+-------+------+
| Y2 |   295 |  111 |
| Y1 |  2834 |  347 |
| Y0 |   398 |    0 |
+----+-------+------+


8. Device Cell Placement Summary for Global Clock g1
----------------------------------------------------

+-----------+-----------------+-------------------+------------+-------------+-----------------+-------------+----------+----------------+----------+----------------------------------------------+
| Global Id | Driver Type/Pin | Driver Region (D) | Clock      | Period (ns) | Waveform (ns)   | Slice Loads | IO Loads | Clocking Loads | GT Loads | Net                                          |
+-----------+-----------------+-------------------+------------+-------------+-----------------+-------------+----------+----------------+----------+----------------------------------------------+
| g1        | BUFG/O          | n/a               | clk_fpga_2 |     200.000 | {0.000 100.000} |         325 |        0 |              0 |        0 | system_i/processing_system7_0/inst/FCLK_CLK2 |
+-----------+-----------------+-------------------+------------+-------------+-----------------+-------------+----------+----------------+----------+----------------------------------------------+
* Slice Loads column represents load cell count of all cell types other than IO, GT and clock resources
** IO Loads column represents load cell count of IO types
*** Clocking Loads column represents load cell count that are clock resources (global clock buffer, MMCM, PLL, etc)
**** GT Loads column represents load cell count of GT types


+----+------+------+
|    | X0   | X1   |
+----+------+------+
| Y2 |    0 |    0 |
| Y1 |  108 |  217 |
| Y0 |    0 |    0 |
+----+------+------+


9. Device Cell Placement Summary for Global Clock g2
----------------------------------------------------

+-----------+-----------------+-------------------+-------+-------------+---------------+-------------+----------+----------------+----------+----------------------------------------------------------------+
| Global Id | Driver Type/Pin | Driver Region (D) | Clock | Period (ns) | Waveform (ns) | Slice Loads | IO Loads | Clocking Loads | GT Loads | Net                                                            |
+-----------+-----------------+-------------------+-------+-------------+---------------+-------------+----------+----------------+----------+----------------------------------------------------------------+
| g2        | BUFG/O          | n/a               |       |             |               |         224 |        8 |              0 |        0 | system_i/AD_9637_IF_0/u_AD_9367_deserializer/adc0_gear_box_clk |
+-----------+-----------------+-------------------+-------+-------------+---------------+-------------+----------+----------------+----------+----------------------------------------------------------------+
* Slice Loads column represents load cell count of all cell types other than IO, GT and clock resources
** IO Loads column represents load cell count of IO types
*** Clocking Loads column represents load cell count that are clock resources (global clock buffer, MMCM, PLL, etc)
**** GT Loads column represents load cell count of GT types


+----+-----+------+
|    | X0  | X1   |
+----+-----+------+
| Y2 |   0 |    0 |
| Y1 |  39 |  193 |
| Y0 |   0 |    0 |
+----+-----+------+


10. Device Cell Placement Summary for Global Clock g3
-----------------------------------------------------

+-----------+-----------------+-------------------+-------+-------------+---------------+-------------+----------+----------------+----------+----------------------------------------------------------------+
| Global Id | Driver Type/Pin | Driver Region (D) | Clock | Period (ns) | Waveform (ns) | Slice Loads | IO Loads | Clocking Loads | GT Loads | Net                                                            |
+-----------+-----------------+-------------------+-------+-------------+---------------+-------------+----------+----------------+----------+----------------------------------------------------------------+
| g3        | BUFG/O          | n/a               |       |             |               |         224 |        8 |              0 |        0 | system_i/AD_9637_IF_0/u_AD_9367_deserializer/adc1_gear_box_clk |
+-----------+-----------------+-------------------+-------+-------------+---------------+-------------+----------+----------------+----------+----------------------------------------------------------------+
* Slice Loads column represents load cell count of all cell types other than IO, GT and clock resources
** IO Loads column represents load cell count of IO types
*** Clocking Loads column represents load cell count that are clock resources (global clock buffer, MMCM, PLL, etc)
**** GT Loads column represents load cell count of GT types


+----+-----+------+
|    | X0  | X1   |
+----+-----+------+
| Y2 |  16 |   88 |
| Y1 |   0 |  128 |
| Y0 |   0 |    0 |
+----+-----+------+


11. Device Cell Placement Summary for Global Clock g4
-----------------------------------------------------

+-----------+-----------------+-------------------+-------+-------------+---------------+-------------+----------+----------------+----------+---------------------------------------------------+
| Global Id | Driver Type/Pin | Driver Region (D) | Clock | Period (ns) | Waveform (ns) | Slice Loads | IO Loads | Clocking Loads | GT Loads | Net                                               |
+-----------+-----------------+-------------------+-------+-------------+---------------+-------------+----------+----------------+----------+---------------------------------------------------+
| g4        | BUFG/O          | n/a               |       |             |               |          81 |        0 |              0 |        0 | system_i/AD_9637_IF_0/adc0_clk_to_data_process[0] |
+-----------+-----------------+-------------------+-------+-------------+---------------+-------------+----------+----------------+----------+---------------------------------------------------+
* Slice Loads column represents load cell count of all cell types other than IO, GT and clock resources
** IO Loads column represents load cell count of IO types
*** Clocking Loads column represents load cell count that are clock resources (global clock buffer, MMCM, PLL, etc)
**** GT Loads column represents load cell count of GT types


+----+----+-----+
|    | X0 | X1  |
+----+----+-----+
| Y2 |  0 |   0 |
| Y1 |  0 |  81 |
| Y0 |  0 |   0 |
+----+----+-----+


12. Device Cell Placement Summary for Global Clock g5
-----------------------------------------------------

+-----------+-----------------+-------------------+-------+-------------+---------------+-------------+----------+----------------+----------+---------------------------------------------------+
| Global Id | Driver Type/Pin | Driver Region (D) | Clock | Period (ns) | Waveform (ns) | Slice Loads | IO Loads | Clocking Loads | GT Loads | Net                                               |
+-----------+-----------------+-------------------+-------+-------------+---------------+-------------+----------+----------------+----------+---------------------------------------------------+
| g5        | BUFG/O          | n/a               |       |             |               |          81 |        0 |              0 |        0 | system_i/AD_9637_IF_0/adc0_clk_to_data_process[1] |
+-----------+-----------------+-------------------+-------+-------------+---------------+-------------+----------+----------------+----------+---------------------------------------------------+
* Slice Loads column represents load cell count of all cell types other than IO, GT and clock resources
** IO Loads column represents load cell count of IO types
*** Clocking Loads column represents load cell count that are clock resources (global clock buffer, MMCM, PLL, etc)
**** GT Loads column represents load cell count of GT types


+----+----+-----+
|    | X0 | X1  |
+----+----+-----+
| Y2 |  0 |   0 |
| Y1 |  0 |  81 |
| Y0 |  0 |   0 |
+----+----+-----+


13. Device Cell Placement Summary for Global Clock g6
-----------------------------------------------------

+-----------+-----------------+-------------------+-------+-------------+---------------+-------------+----------+----------------+----------+---------------------------------------------------+
| Global Id | Driver Type/Pin | Driver Region (D) | Clock | Period (ns) | Waveform (ns) | Slice Loads | IO Loads | Clocking Loads | GT Loads | Net                                               |
+-----------+-----------------+-------------------+-------+-------------+---------------+-------------+----------+----------------+----------+---------------------------------------------------+
| g6        | BUFG/O          | n/a               |       |             |               |          81 |        0 |              0 |        0 | system_i/AD_9637_IF_0/adc0_clk_to_data_process[2] |
+-----------+-----------------+-------------------+-------+-------------+---------------+-------------+----------+----------------+----------+---------------------------------------------------+
* Slice Loads column represents load cell count of all cell types other than IO, GT and clock resources
** IO Loads column represents load cell count of IO types
*** Clocking Loads column represents load cell count that are clock resources (global clock buffer, MMCM, PLL, etc)
**** GT Loads column represents load cell count of GT types


+----+----+-----+
|    | X0 | X1  |
+----+----+-----+
| Y2 |  0 |   0 |
| Y1 |  0 |  81 |
| Y0 |  0 |   0 |
+----+----+-----+


14. Device Cell Placement Summary for Global Clock g7
-----------------------------------------------------

+-----------+-----------------+-------------------+-------+-------------+---------------+-------------+----------+----------------+----------+---------------------------------------------------+
| Global Id | Driver Type/Pin | Driver Region (D) | Clock | Period (ns) | Waveform (ns) | Slice Loads | IO Loads | Clocking Loads | GT Loads | Net                                               |
+-----------+-----------------+-------------------+-------+-------------+---------------+-------------+----------+----------------+----------+---------------------------------------------------+
| g7        | BUFG/O          | n/a               |       |             |               |          81 |        0 |              0 |        0 | system_i/AD_9637_IF_0/adc0_clk_to_data_process[3] |
+-----------+-----------------+-------------------+-------+-------------+---------------+-------------+----------+----------------+----------+---------------------------------------------------+
* Slice Loads column represents load cell count of all cell types other than IO, GT and clock resources
** IO Loads column represents load cell count of IO types
*** Clocking Loads column represents load cell count that are clock resources (global clock buffer, MMCM, PLL, etc)
**** GT Loads column represents load cell count of GT types


+----+-----+-----+
|    | X0  | X1  |
+----+-----+-----+
| Y2 |   0 |   0 |
| Y1 |  13 |  68 |
| Y0 |   0 |   0 |
+----+-----+-----+


15. Device Cell Placement Summary for Global Clock g8
-----------------------------------------------------

+-----------+-----------------+-------------------+-------+-------------+---------------+-------------+----------+----------------+----------+---------------------------------------------------+
| Global Id | Driver Type/Pin | Driver Region (D) | Clock | Period (ns) | Waveform (ns) | Slice Loads | IO Loads | Clocking Loads | GT Loads | Net                                               |
+-----------+-----------------+-------------------+-------+-------------+---------------+-------------+----------+----------------+----------+---------------------------------------------------+
| g8        | BUFG/O          | n/a               |       |             |               |          81 |        0 |              0 |        0 | system_i/AD_9637_IF_0/adc0_clk_to_data_process[4] |
+-----------+-----------------+-------------------+-------+-------------+---------------+-------------+----------+----------------+----------+---------------------------------------------------+
* Slice Loads column represents load cell count of all cell types other than IO, GT and clock resources
** IO Loads column represents load cell count of IO types
*** Clocking Loads column represents load cell count that are clock resources (global clock buffer, MMCM, PLL, etc)
**** GT Loads column represents load cell count of GT types


+----+-----+-----+
|    | X0  | X1  |
+----+-----+-----+
| Y2 |  13 |  68 |
| Y1 |   0 |   0 |
| Y0 |   0 |   0 |
+----+-----+-----+


16. Device Cell Placement Summary for Global Clock g9
-----------------------------------------------------

+-----------+-----------------+-------------------+-------+-------------+---------------+-------------+----------+----------------+----------+---------------------------------------------------+
| Global Id | Driver Type/Pin | Driver Region (D) | Clock | Period (ns) | Waveform (ns) | Slice Loads | IO Loads | Clocking Loads | GT Loads | Net                                               |
+-----------+-----------------+-------------------+-------+-------------+---------------+-------------+----------+----------------+----------+---------------------------------------------------+
| g9        | BUFG/O          | n/a               |       |             |               |          81 |        0 |              0 |        0 | system_i/AD_9637_IF_0/adc0_clk_to_data_process[5] |
+-----------+-----------------+-------------------+-------+-------------+---------------+-------------+----------+----------------+----------+---------------------------------------------------+
* Slice Loads column represents load cell count of all cell types other than IO, GT and clock resources
** IO Loads column represents load cell count of IO types
*** Clocking Loads column represents load cell count that are clock resources (global clock buffer, MMCM, PLL, etc)
**** GT Loads column represents load cell count of GT types


+----+-----+-----+
|    | X0  | X1  |
+----+-----+-----+
| Y2 |   0 |  11 |
| Y1 |  70 |   0 |
| Y0 |   0 |   0 |
+----+-----+-----+


17. Device Cell Placement Summary for Global Clock g10
------------------------------------------------------

+-----------+-----------------+-------------------+-------+-------------+---------------+-------------+----------+----------------+----------+---------------------------------------------------+
| Global Id | Driver Type/Pin | Driver Region (D) | Clock | Period (ns) | Waveform (ns) | Slice Loads | IO Loads | Clocking Loads | GT Loads | Net                                               |
+-----------+-----------------+-------------------+-------+-------------+---------------+-------------+----------+----------------+----------+---------------------------------------------------+
| g10       | BUFG/O          | n/a               |       |             |               |          81 |        0 |              0 |        0 | system_i/AD_9637_IF_0/adc0_clk_to_data_process[6] |
+-----------+-----------------+-------------------+-------+-------------+---------------+-------------+----------+----------------+----------+---------------------------------------------------+
* Slice Loads column represents load cell count of all cell types other than IO, GT and clock resources
** IO Loads column represents load cell count of IO types
*** Clocking Loads column represents load cell count that are clock resources (global clock buffer, MMCM, PLL, etc)
**** GT Loads column represents load cell count of GT types


+----+----+-----+
|    | X0 | X1  |
+----+----+-----+
| Y2 |  0 |   0 |
| Y1 |  0 |  81 |
| Y0 |  0 |   0 |
+----+----+-----+


18. Device Cell Placement Summary for Global Clock g11
------------------------------------------------------

+-----------+-----------------+-------------------+-------+-------------+---------------+-------------+----------+----------------+----------+---------------------------------------------------+
| Global Id | Driver Type/Pin | Driver Region (D) | Clock | Period (ns) | Waveform (ns) | Slice Loads | IO Loads | Clocking Loads | GT Loads | Net                                               |
+-----------+-----------------+-------------------+-------+-------------+---------------+-------------+----------+----------------+----------+---------------------------------------------------+
| g11       | BUFG/O          | n/a               |       |             |               |          81 |        0 |              0 |        0 | system_i/AD_9637_IF_0/adc0_clk_to_data_process[7] |
+-----------+-----------------+-------------------+-------+-------------+---------------+-------------+----------+----------------+----------+---------------------------------------------------+
* Slice Loads column represents load cell count of all cell types other than IO, GT and clock resources
** IO Loads column represents load cell count of IO types
*** Clocking Loads column represents load cell count that are clock resources (global clock buffer, MMCM, PLL, etc)
**** GT Loads column represents load cell count of GT types


+----+----+-----+
|    | X0 | X1  |
+----+----+-----+
| Y2 |  0 |   0 |
| Y1 |  0 |  81 |
| Y0 |  0 |   0 |
+----+----+-----+


19. Device Cell Placement Summary for Global Clock g12
------------------------------------------------------

+-----------+-----------------+-------------------+-------+-------------+---------------+-------------+----------+----------------+----------+--------------------------------------------------------------+
| Global Id | Driver Type/Pin | Driver Region (D) | Clock | Period (ns) | Waveform (ns) | Slice Loads | IO Loads | Clocking Loads | GT Loads | Net                                                          |
+-----------+-----------------+-------------------+-------+-------------+---------------+-------------+----------+----------------+----------+--------------------------------------------------------------+
| g12       | BUFG/O          | n/a               |       |             |               |           3 |        8 |              0 |        0 | system_i/AD_9637_IF_0/u_AD_9367_deserializer/adc0_dco_single |
+-----------+-----------------+-------------------+-------+-------------+---------------+-------------+----------+----------------+----------+--------------------------------------------------------------+
* Slice Loads column represents load cell count of all cell types other than IO, GT and clock resources
** IO Loads column represents load cell count of IO types
*** Clocking Loads column represents load cell count that are clock resources (global clock buffer, MMCM, PLL, etc)
**** GT Loads column represents load cell count of GT types


+----+----+----+
|    | X0 | X1 |
+----+----+----+
| Y2 |  0 |  3 |
| Y1 |  0 |  8 |
| Y0 |  0 |  0 |
+----+----+----+


20. Device Cell Placement Summary for Global Clock g13
------------------------------------------------------

+-----------+-----------------+-------------------+-------+-------------+---------------+-------------+----------+----------------+----------+--------------------------------------------------------------+
| Global Id | Driver Type/Pin | Driver Region (D) | Clock | Period (ns) | Waveform (ns) | Slice Loads | IO Loads | Clocking Loads | GT Loads | Net                                                          |
+-----------+-----------------+-------------------+-------+-------------+---------------+-------------+----------+----------------+----------+--------------------------------------------------------------+
| g13       | BUFG/O          | n/a               |       |             |               |           3 |        8 |              0 |        0 | system_i/AD_9637_IF_0/u_AD_9367_deserializer/adc1_dco_single |
+-----------+-----------------+-------------------+-------+-------------+---------------+-------------+----------+----------------+----------+--------------------------------------------------------------+
* Slice Loads column represents load cell count of all cell types other than IO, GT and clock resources
** IO Loads column represents load cell count of IO types
*** Clocking Loads column represents load cell count that are clock resources (global clock buffer, MMCM, PLL, etc)
**** GT Loads column represents load cell count of GT types


+----+----+-----+
|    | X0 | X1  |
+----+----+-----+
| Y2 |  0 |  11 |
| Y1 |  0 |   0 |
| Y0 |  0 |   0 |
+----+----+-----+


21. Device Cell Placement Summary for Global Clock g14
------------------------------------------------------

+-----------+-----------------+-------------------+------------+-------------+---------------+-------------+----------+----------------+----------+----------------------------------------------+
| Global Id | Driver Type/Pin | Driver Region (D) | Clock      | Period (ns) | Waveform (ns) | Slice Loads | IO Loads | Clocking Loads | GT Loads | Net                                          |
+-----------+-----------------+-------------------+------------+-------------+---------------+-------------+----------+----------------+----------+----------------------------------------------+
| g14       | BUFG/O          | n/a               | clk_fpga_1 |       6.000 | {0.000 3.000} |           0 |        2 |              0 |        0 | system_i/processing_system7_0/inst/FCLK_CLK1 |
+-----------+-----------------+-------------------+------------+-------------+---------------+-------------+----------+----------------+----------+----------------------------------------------+
* Slice Loads column represents load cell count of all cell types other than IO, GT and clock resources
** IO Loads column represents load cell count of IO types
*** Clocking Loads column represents load cell count that are clock resources (global clock buffer, MMCM, PLL, etc)
**** GT Loads column represents load cell count of GT types


+----+----+----+
|    | X0 | X1 |
+----+----+----+
| Y2 |  0 |  1 |
| Y1 |  0 |  1 |
| Y0 |  0 |  0 |
+----+----+----+


22. Clock Region Cell Placement per Global Clock: Region X0Y0
-------------------------------------------------------------

+-----------+-------+-----------------+------------+-------------+-----------------+-----+--------+------+-----+----+------+-----+---------+----------------------------------------------+
| Global Id | Track | Driver Type/Pin | Constraint | Clock Loads | Non-Clock Loads | FF  | LUTRAM | RAMB | DSP | GT | MMCM | PLL | Hard IP | Net                                          |
+-----------+-------+-----------------+------------+-------------+-----------------+-----+--------+------+-----+----+------+-----+---------+----------------------------------------------+
| g0        | n/a   | BUFG/O          | None       |         398 |               0 | 394 |      4 |    0 |   0 |  0 |    0 |   0 |       0 | system_i/processing_system7_0/inst/FCLK_CLK0 |
+-----------+-------+-----------------+------------+-------------+-----------------+-----+--------+------+-----+----+------+-----+---------+----------------------------------------------+
* Clock Loads column represents the clock pin loads (pin count)
** Non-Clock Loads column represents the non-clock pin loads (pin count)
*** Columns FF, LUTRAM, RAMB through 'Hard IP' represents load cell counts


23. Clock Region Cell Placement per Global Clock: Region X0Y1
-------------------------------------------------------------

+-----------+-------+-----------------+------------+-------------+-----------------+------+--------+------+-----+----+------+-----+---------+----------------------------------------------------------------+
| Global Id | Track | Driver Type/Pin | Constraint | Clock Loads | Non-Clock Loads | FF   | LUTRAM | RAMB | DSP | GT | MMCM | PLL | Hard IP | Net                                                            |
+-----------+-------+-----------------+------------+-------------+-----------------+------+--------+------+-----+----+------+-----+---------+----------------------------------------------------------------+
| g0        | n/a   | BUFG/O          | None       |        2834 |               0 | 2669 |    164 |    1 |   0 |  0 |    0 |   0 |       0 | system_i/processing_system7_0/inst/FCLK_CLK0                   |
| g1        | n/a   | BUFG/O          | None       |         108 |               0 |  108 |      0 |    0 |   0 |  0 |    0 |   0 |       0 | system_i/processing_system7_0/inst/FCLK_CLK2                   |
| g2        | n/a   | BUFG/O          | None       |          39 |               0 |   39 |      0 |    0 |   0 |  0 |    0 |   0 |       0 | system_i/AD_9637_IF_0/u_AD_9367_deserializer/adc0_gear_box_clk |
| g7        | n/a   | BUFG/O          | None       |          13 |               0 |   13 |      0 |    0 |   0 |  0 |    0 |   0 |       0 | system_i/AD_9637_IF_0/adc0_clk_to_data_process[3]              |
| g9        | n/a   | BUFG/O          | None       |          70 |               0 |   70 |      0 |    0 |   0 |  0 |    0 |   0 |       0 | system_i/AD_9637_IF_0/adc0_clk_to_data_process[5]              |
+-----------+-------+-----------------+------------+-------------+-----------------+------+--------+------+-----+----+------+-----+---------+----------------------------------------------------------------+
* Clock Loads column represents the clock pin loads (pin count)
** Non-Clock Loads column represents the non-clock pin loads (pin count)
*** Columns FF, LUTRAM, RAMB through 'Hard IP' represents load cell counts


24. Clock Region Cell Placement per Global Clock: Region X1Y1
-------------------------------------------------------------

+-----------+-------+-----------------+------------+-------------+-----------------+-----+--------+------+-----+----+------+-----+---------+----------------------------------------------------------------+
| Global Id | Track | Driver Type/Pin | Constraint | Clock Loads | Non-Clock Loads | FF  | LUTRAM | RAMB | DSP | GT | MMCM | PLL | Hard IP | Net                                                            |
+-----------+-------+-----------------+------------+-------------+-----------------+-----+--------+------+-----+----+------+-----+---------+----------------------------------------------------------------+
| g0        | n/a   | BUFG/O          | None       |         347 |               0 | 335 |      2 |    1 |   0 |  0 |    0 |   0 |       0 | system_i/processing_system7_0/inst/FCLK_CLK0                   |
| g1        | n/a   | BUFG/O          | None       |         217 |               0 | 216 |      1 |    0 |   0 |  0 |    0 |   0 |       0 | system_i/processing_system7_0/inst/FCLK_CLK2                   |
| g2        | n/a   | BUFG/O          | None       |         193 |               0 | 185 |      0 |    0 |   0 |  0 |    0 |   0 |       0 | system_i/AD_9637_IF_0/u_AD_9367_deserializer/adc0_gear_box_clk |
| g3        | n/a   | BUFG/O          | None       |         128 |               0 | 128 |      0 |    0 |   0 |  0 |    0 |   0 |       0 | system_i/AD_9637_IF_0/u_AD_9367_deserializer/adc1_gear_box_clk |
| g4        | n/a   | BUFG/O          | None       |          81 |               0 |  81 |      0 |    0 |   0 |  0 |    0 |   0 |       0 | system_i/AD_9637_IF_0/adc0_clk_to_data_process[0]              |
| g5        | n/a   | BUFG/O          | None       |          81 |               0 |  81 |      0 |    0 |   0 |  0 |    0 |   0 |       0 | system_i/AD_9637_IF_0/adc0_clk_to_data_process[1]              |
| g6        | n/a   | BUFG/O          | None       |          81 |               0 |  81 |      0 |    0 |   0 |  0 |    0 |   0 |       0 | system_i/AD_9637_IF_0/adc0_clk_to_data_process[2]              |
| g7        | n/a   | BUFG/O          | None       |          68 |               0 |  68 |      0 |    0 |   0 |  0 |    0 |   0 |       0 | system_i/AD_9637_IF_0/adc0_clk_to_data_process[3]              |
| g10       | n/a   | BUFG/O          | None       |          81 |               0 |  81 |      0 |    0 |   0 |  0 |    0 |   0 |       0 | system_i/AD_9637_IF_0/adc0_clk_to_data_process[6]              |
| g11       | n/a   | BUFG/O          | None       |          81 |               0 |  81 |      0 |    0 |   0 |  0 |    0 |   0 |       0 | system_i/AD_9637_IF_0/adc0_clk_to_data_process[7]              |
| g12       | n/a   | BUFG/O          | None       |           8 |               0 |   0 |      0 |    0 |   0 |  0 |    0 |   0 |       0 | system_i/AD_9637_IF_0/u_AD_9367_deserializer/adc0_dco_single   |
| g14       | n/a   | BUFG/O          | None       |           0 |               1 |   0 |      0 |    0 |   0 |  0 |    0 |   0 |       0 | system_i/processing_system7_0/inst/FCLK_CLK1                   |
+-----------+-------+-----------------+------------+-------------+-----------------+-----+--------+------+-----+----+------+-----+---------+----------------------------------------------------------------+
* Clock Loads column represents the clock pin loads (pin count)
** Non-Clock Loads column represents the non-clock pin loads (pin count)
*** Columns FF, LUTRAM, RAMB through 'Hard IP' represents load cell counts


25. Clock Region Cell Placement per Global Clock: Region X0Y2
-------------------------------------------------------------

+-----------+-------+-----------------+------------+-------------+-----------------+-----+--------+------+-----+----+------+-----+---------+----------------------------------------------------------------+
| Global Id | Track | Driver Type/Pin | Constraint | Clock Loads | Non-Clock Loads | FF  | LUTRAM | RAMB | DSP | GT | MMCM | PLL | Hard IP | Net                                                            |
+-----------+-------+-----------------+------------+-------------+-----------------+-----+--------+------+-----+----+------+-----+---------+----------------------------------------------------------------+
| g0        | n/a   | BUFG/O          | None       |         295 |               0 | 282 |     12 |    0 |   0 |  0 |    0 |   0 |       0 | system_i/processing_system7_0/inst/FCLK_CLK0                   |
| g3        | n/a   | BUFG/O          | None       |          16 |               0 |  16 |      0 |    0 |   0 |  0 |    0 |   0 |       0 | system_i/AD_9637_IF_0/u_AD_9367_deserializer/adc1_gear_box_clk |
| g8        | n/a   | BUFG/O          | None       |          13 |               0 |  13 |      0 |    0 |   0 |  0 |    0 |   0 |       0 | system_i/AD_9637_IF_0/adc0_clk_to_data_process[4]              |
+-----------+-------+-----------------+------------+-------------+-----------------+-----+--------+------+-----+----+------+-----+---------+----------------------------------------------------------------+
* Clock Loads column represents the clock pin loads (pin count)
** Non-Clock Loads column represents the non-clock pin loads (pin count)
*** Columns FF, LUTRAM, RAMB through 'Hard IP' represents load cell counts


26. Clock Region Cell Placement per Global Clock: Region X1Y2
-------------------------------------------------------------

+-----------+-------+-----------------+------------+-------------+-----------------+-----+--------+------+-----+----+------+-----+---------+----------------------------------------------------------------+
| Global Id | Track | Driver Type/Pin | Constraint | Clock Loads | Non-Clock Loads | FF  | LUTRAM | RAMB | DSP | GT | MMCM | PLL | Hard IP | Net                                                            |
+-----------+-------+-----------------+------------+-------------+-----------------+-----+--------+------+-----+----+------+-----+---------+----------------------------------------------------------------+
| g0        | n/a   | BUFG/O          | None       |         111 |               0 | 102 |      0 |    0 |   0 |  0 |    0 |   0 |       0 | system_i/processing_system7_0/inst/FCLK_CLK0                   |
| g3        | n/a   | BUFG/O          | None       |          88 |               0 |  80 |      0 |    0 |   0 |  0 |    0 |   0 |       0 | system_i/AD_9637_IF_0/u_AD_9367_deserializer/adc1_gear_box_clk |
| g8        | n/a   | BUFG/O          | None       |          68 |               0 |  68 |      0 |    0 |   0 |  0 |    0 |   0 |       0 | system_i/AD_9637_IF_0/adc0_clk_to_data_process[4]              |
| g9        | n/a   | BUFG/O          | None       |          11 |               0 |  11 |      0 |    0 |   0 |  0 |    0 |   0 |       0 | system_i/AD_9637_IF_0/adc0_clk_to_data_process[5]              |
| g12       | n/a   | BUFG/O          | None       |           3 |               0 |   3 |      0 |    0 |   0 |  0 |    0 |   0 |       0 | system_i/AD_9637_IF_0/u_AD_9367_deserializer/adc0_dco_single   |
| g13       | n/a   | BUFG/O          | None       |          11 |               0 |   3 |      0 |    0 |   0 |  0 |    0 |   0 |       0 | system_i/AD_9637_IF_0/u_AD_9367_deserializer/adc1_dco_single   |
| g14       | n/a   | BUFG/O          | None       |           0 |               1 |   0 |      0 |    0 |   0 |  0 |    0 |   0 |       0 | system_i/processing_system7_0/inst/FCLK_CLK1                   |
+-----------+-------+-----------------+------------+-------------+-----------------+-----+--------+------+-----+----+------+-----+---------+----------------------------------------------------------------+
* Clock Loads column represents the clock pin loads (pin count)
** Non-Clock Loads column represents the non-clock pin loads (pin count)
*** Columns FF, LUTRAM, RAMB through 'Hard IP' represents load cell counts



# Location of BUFG Primitives 
set_property LOC BUFGCTRL_X0Y20 [get_cells system_i/processing_system7_0/inst/buffer_fclk_clk_2.FCLK_CLK_2_BUFG]
set_property LOC BUFGCTRL_X0Y19 [get_cells system_i/processing_system7_0/inst/buffer_fclk_clk_1.FCLK_CLK_1_BUFG]
set_property LOC BUFGCTRL_X0Y16 [get_cells system_i/processing_system7_0/inst/buffer_fclk_clk_0.FCLK_CLK_0_BUFG]
set_property LOC BUFGCTRL_X0Y1 [get_cells system_i/AD_9637_IF_0/gen_adc1_serdes[0].ISERDESE2_inst_adc1_i_3]
set_property LOC BUFGCTRL_X0Y18 [get_cells system_i/AD_9637_IF_0/gen_adc1_serdes[0].ISERDESE2_inst_adc1_i_1]
set_property LOC BUFGCTRL_X0Y0 [get_cells system_i/AD_9637_IF_0/gen_adc0_serdes[0].ISERDESE2_inst_adc0_i_3]
set_property LOC BUFGCTRL_X0Y17 [get_cells system_i/AD_9637_IF_0/gen_adc0_serdes[0].ISERDESE2_inst_adc0_i_1]
set_property LOC BUFGCTRL_X0Y9 [get_cells system_i/AD_9637_IF_0/add_times_copy_reg[10]_i_1__6]
set_property LOC BUFGCTRL_X0Y8 [get_cells system_i/AD_9637_IF_0/add_times_copy_reg[10]_i_1__5]
set_property LOC BUFGCTRL_X0Y7 [get_cells system_i/AD_9637_IF_0/add_times_copy_reg[10]_i_1__4]
set_property LOC BUFGCTRL_X0Y6 [get_cells system_i/AD_9637_IF_0/add_times_copy_reg[10]_i_1__3]
set_property LOC BUFGCTRL_X0Y5 [get_cells system_i/AD_9637_IF_0/add_times_copy_reg[10]_i_1__2]
set_property LOC BUFGCTRL_X0Y4 [get_cells system_i/AD_9637_IF_0/add_times_copy_reg[10]_i_1__1]
set_property LOC BUFGCTRL_X0Y3 [get_cells system_i/AD_9637_IF_0/add_times_copy_reg[10]_i_1__0]
set_property LOC BUFGCTRL_X0Y2 [get_cells system_i/AD_9637_IF_0/add_times_copy_reg[10]_i_1]

# Location of IO Primitives which is load of clock spine
set_property LOC IOB_X1Y114 [get_cells system_i/AD_9637_IF_0/inst/u_AD_9367_deserializer/OBUFDS_adc1]
set_property LOC IOB_X1Y90 [get_cells system_i/AD_9637_IF_0/inst/u_AD_9367_deserializer/OBUFDS_adc0]

# Location of clock ports
set_property LOC IOB_X1Y71 [get_ports adc0_dco_in_n]
set_property LOC IOB_X1Y72 [get_ports adc0_dco_in_p]
set_property LOC IOB_X1Y121 [get_ports adc1_dco_in_n]
set_property LOC IOB_X1Y122 [get_ports adc1_dco_in_p]

# Clock net "system_i/processing_system7_0/inst/FCLK_CLK2" driven by instance "system_i/processing_system7_0/inst/buffer_fclk_clk_2.FCLK_CLK_2_BUFG" located at site "BUFGCTRL_X0Y20"
#startgroup
create_pblock {CLKAG_system_i/processing_system7_0/inst/FCLK_CLK2}
add_cells_to_pblock [get_pblocks  {CLKAG_system_i/processing_system7_0/inst/FCLK_CLK2}] [get_cells -filter { PRIMITIVE_GROUP != I/O && IS_PRIMITIVE==1 && PRIMITIVE_LEVEL !=INTERNAL } -of_object [get_pins -filter {DIRECTION==IN} -of_objects [get_nets -hierarchical -filter {PARENT=="system_i/processing_system7_0/inst/FCLK_CLK2"}]]]
resize_pblock [get_pblocks {CLKAG_system_i/processing_system7_0/inst/FCLK_CLK2}] -add {CLOCKREGION_X0Y1:CLOCKREGION_X0Y1 CLOCKREGION_X1Y1:CLOCKREGION_X1Y1}
#endgroup

# Clock net "system_i/processing_system7_0/inst/FCLK_CLK0" driven by instance "system_i/processing_system7_0/inst/buffer_fclk_clk_0.FCLK_CLK_0_BUFG" located at site "BUFGCTRL_X0Y16"
#startgroup
create_pblock {CLKAG_system_i/processing_system7_0/inst/FCLK_CLK0}
add_cells_to_pblock [get_pblocks  {CLKAG_system_i/processing_system7_0/inst/FCLK_CLK0}] [get_cells -filter { PRIMITIVE_GROUP != I/O && IS_PRIMITIVE==1 && PRIMITIVE_LEVEL !=INTERNAL } -of_object [get_pins -filter {DIRECTION==IN} -of_objects [get_nets -hierarchical -filter {PARENT=="system_i/processing_system7_0/inst/FCLK_CLK0"}]]]
resize_pblock [get_pblocks {CLKAG_system_i/processing_system7_0/inst/FCLK_CLK0}] -add {CLOCKREGION_X0Y0:CLOCKREGION_X0Y0 CLOCKREGION_X0Y1:CLOCKREGION_X0Y1 CLOCKREGION_X0Y2:CLOCKREGION_X0Y2 CLOCKREGION_X1Y1:CLOCKREGION_X1Y1 CLOCKREGION_X1Y2:CLOCKREGION_X1Y2}
#endgroup

# Clock net "system_i/AD_9637_IF_0/u_AD_9367_deserializer/adc1_gear_box_clk" driven by instance "system_i/AD_9637_IF_0/gen_adc1_serdes[0].ISERDESE2_inst_adc1_i_3" located at site "BUFGCTRL_X0Y1"
#startgroup
create_pblock {CLKAG_system_i/AD_9637_IF_0/u_AD_9367_deserializer/adc1_gear_box_clk}
add_cells_to_pblock [get_pblocks  {CLKAG_system_i/AD_9637_IF_0/u_AD_9367_deserializer/adc1_gear_box_clk}] [get_cells -filter { PRIMITIVE_GROUP != I/O && IS_PRIMITIVE==1 && PRIMITIVE_LEVEL !=INTERNAL } -of_object [get_pins -filter {DIRECTION==IN} -of_objects [get_nets -hierarchical -filter {PARENT=="system_i/AD_9637_IF_0/u_AD_9367_deserializer/adc1_gear_box_clk"}]]]
resize_pblock [get_pblocks {CLKAG_system_i/AD_9637_IF_0/u_AD_9367_deserializer/adc1_gear_box_clk}] -add {CLOCKREGION_X0Y2:CLOCKREGION_X0Y2 CLOCKREGION_X1Y1:CLOCKREGION_X1Y1 CLOCKREGION_X1Y2:CLOCKREGION_X1Y2}
#endgroup

# Clock net "system_i/AD_9637_IF_0/u_AD_9367_deserializer/adc1_dco_single" driven by instance "system_i/AD_9637_IF_0/gen_adc1_serdes[0].ISERDESE2_inst_adc1_i_1" located at site "BUFGCTRL_X0Y18"
#startgroup
create_pblock {CLKAG_system_i/AD_9637_IF_0/u_AD_9367_deserializer/adc1_dco_single}
add_cells_to_pblock [get_pblocks  {CLKAG_system_i/AD_9637_IF_0/u_AD_9367_deserializer/adc1_dco_single}] [get_cells -filter { PRIMITIVE_GROUP != I/O && IS_PRIMITIVE==1 && PRIMITIVE_LEVEL !=INTERNAL } -of_object [get_pins -filter {DIRECTION==IN} -of_objects [get_nets -hierarchical -filter {PARENT=="system_i/AD_9637_IF_0/u_AD_9367_deserializer/adc1_dco_single"}]]]
resize_pblock [get_pblocks {CLKAG_system_i/AD_9637_IF_0/u_AD_9367_deserializer/adc1_dco_single}] -add {CLOCKREGION_X1Y2:CLOCKREGION_X1Y2}
#endgroup

# Clock net "system_i/AD_9637_IF_0/u_AD_9367_deserializer/adc0_gear_box_clk" driven by instance "system_i/AD_9637_IF_0/gen_adc0_serdes[0].ISERDESE2_inst_adc0_i_3" located at site "BUFGCTRL_X0Y0"
#startgroup
create_pblock {CLKAG_system_i/AD_9637_IF_0/u_AD_9367_deserializer/adc0_gear_box_clk}
add_cells_to_pblock [get_pblocks  {CLKAG_system_i/AD_9637_IF_0/u_AD_9367_deserializer/adc0_gear_box_clk}] [get_cells -filter { PRIMITIVE_GROUP != I/O && IS_PRIMITIVE==1 && PRIMITIVE_LEVEL !=INTERNAL } -of_object [get_pins -filter {DIRECTION==IN} -of_objects [get_nets -hierarchical -filter {PARENT=="system_i/AD_9637_IF_0/u_AD_9367_deserializer/adc0_gear_box_clk"}]]]
resize_pblock [get_pblocks {CLKAG_system_i/AD_9637_IF_0/u_AD_9367_deserializer/adc0_gear_box_clk}] -add {CLOCKREGION_X0Y1:CLOCKREGION_X0Y1 CLOCKREGION_X1Y1:CLOCKREGION_X1Y1}
#endgroup

# Clock net "system_i/AD_9637_IF_0/u_AD_9367_deserializer/adc0_dco_single" driven by instance "system_i/AD_9637_IF_0/gen_adc0_serdes[0].ISERDESE2_inst_adc0_i_1" located at site "BUFGCTRL_X0Y17"
#startgroup
create_pblock {CLKAG_system_i/AD_9637_IF_0/u_AD_9367_deserializer/adc0_dco_single}
add_cells_to_pblock [get_pblocks  {CLKAG_system_i/AD_9637_IF_0/u_AD_9367_deserializer/adc0_dco_single}] [get_cells -filter { PRIMITIVE_GROUP != I/O && IS_PRIMITIVE==1 && PRIMITIVE_LEVEL !=INTERNAL } -of_object [get_pins -filter {DIRECTION==IN} -of_objects [get_nets -hierarchical -filter {PARENT=="system_i/AD_9637_IF_0/u_AD_9367_deserializer/adc0_dco_single"}]]]
resize_pblock [get_pblocks {CLKAG_system_i/AD_9637_IF_0/u_AD_9367_deserializer/adc0_dco_single}] -add {CLOCKREGION_X1Y1:CLOCKREGION_X1Y1 CLOCKREGION_X1Y2:CLOCKREGION_X1Y2}
#endgroup

# Clock net "system_i/AD_9637_IF_0/adc0_clk_to_data_process[7]" driven by instance "system_i/AD_9637_IF_0/add_times_copy_reg[10]_i_1__6" located at site "BUFGCTRL_X0Y9"
#startgroup
create_pblock {CLKAG_system_i/AD_9637_IF_0/adc0_clk_to_data_process[7]}
add_cells_to_pblock [get_pblocks  {CLKAG_system_i/AD_9637_IF_0/adc0_clk_to_data_process[7]}] [get_cells -filter { PRIMITIVE_GROUP != I/O && IS_PRIMITIVE==1 && PRIMITIVE_LEVEL !=INTERNAL } -of_object [get_pins -filter {DIRECTION==IN} -of_objects [get_nets -hierarchical -filter {PARENT=="system_i/AD_9637_IF_0/adc0_clk_to_data_process[7]"}]]]
resize_pblock [get_pblocks {CLKAG_system_i/AD_9637_IF_0/adc0_clk_to_data_process[7]}] -add {CLOCKREGION_X1Y1:CLOCKREGION_X1Y1}
#endgroup

# Clock net "system_i/AD_9637_IF_0/adc0_clk_to_data_process[6]" driven by instance "system_i/AD_9637_IF_0/add_times_copy_reg[10]_i_1__5" located at site "BUFGCTRL_X0Y8"
#startgroup
create_pblock {CLKAG_system_i/AD_9637_IF_0/adc0_clk_to_data_process[6]}
add_cells_to_pblock [get_pblocks  {CLKAG_system_i/AD_9637_IF_0/adc0_clk_to_data_process[6]}] [get_cells -filter { PRIMITIVE_GROUP != I/O && IS_PRIMITIVE==1 && PRIMITIVE_LEVEL !=INTERNAL } -of_object [get_pins -filter {DIRECTION==IN} -of_objects [get_nets -hierarchical -filter {PARENT=="system_i/AD_9637_IF_0/adc0_clk_to_data_process[6]"}]]]
resize_pblock [get_pblocks {CLKAG_system_i/AD_9637_IF_0/adc0_clk_to_data_process[6]}] -add {CLOCKREGION_X1Y1:CLOCKREGION_X1Y1}
#endgroup

# Clock net "system_i/AD_9637_IF_0/adc0_clk_to_data_process[5]" driven by instance "system_i/AD_9637_IF_0/add_times_copy_reg[10]_i_1__4" located at site "BUFGCTRL_X0Y7"
#startgroup
create_pblock {CLKAG_system_i/AD_9637_IF_0/adc0_clk_to_data_process[5]}
add_cells_to_pblock [get_pblocks  {CLKAG_system_i/AD_9637_IF_0/adc0_clk_to_data_process[5]}] [get_cells -filter { PRIMITIVE_GROUP != I/O && IS_PRIMITIVE==1 && PRIMITIVE_LEVEL !=INTERNAL } -of_object [get_pins -filter {DIRECTION==IN} -of_objects [get_nets -hierarchical -filter {PARENT=="system_i/AD_9637_IF_0/adc0_clk_to_data_process[5]"}]]]
resize_pblock [get_pblocks {CLKAG_system_i/AD_9637_IF_0/adc0_clk_to_data_process[5]}] -add {CLOCKREGION_X0Y1:CLOCKREGION_X0Y1 CLOCKREGION_X1Y2:CLOCKREGION_X1Y2}
#endgroup

# Clock net "system_i/AD_9637_IF_0/adc0_clk_to_data_process[4]" driven by instance "system_i/AD_9637_IF_0/add_times_copy_reg[10]_i_1__3" located at site "BUFGCTRL_X0Y6"
#startgroup
create_pblock {CLKAG_system_i/AD_9637_IF_0/adc0_clk_to_data_process[4]}
add_cells_to_pblock [get_pblocks  {CLKAG_system_i/AD_9637_IF_0/adc0_clk_to_data_process[4]}] [get_cells -filter { PRIMITIVE_GROUP != I/O && IS_PRIMITIVE==1 && PRIMITIVE_LEVEL !=INTERNAL } -of_object [get_pins -filter {DIRECTION==IN} -of_objects [get_nets -hierarchical -filter {PARENT=="system_i/AD_9637_IF_0/adc0_clk_to_data_process[4]"}]]]
resize_pblock [get_pblocks {CLKAG_system_i/AD_9637_IF_0/adc0_clk_to_data_process[4]}] -add {CLOCKREGION_X0Y2:CLOCKREGION_X0Y2 CLOCKREGION_X1Y2:CLOCKREGION_X1Y2}
#endgroup

# Clock net "system_i/AD_9637_IF_0/adc0_clk_to_data_process[3]" driven by instance "system_i/AD_9637_IF_0/add_times_copy_reg[10]_i_1__2" located at site "BUFGCTRL_X0Y5"
#startgroup
create_pblock {CLKAG_system_i/AD_9637_IF_0/adc0_clk_to_data_process[3]}
add_cells_to_pblock [get_pblocks  {CLKAG_system_i/AD_9637_IF_0/adc0_clk_to_data_process[3]}] [get_cells -filter { PRIMITIVE_GROUP != I/O && IS_PRIMITIVE==1 && PRIMITIVE_LEVEL !=INTERNAL } -of_object [get_pins -filter {DIRECTION==IN} -of_objects [get_nets -hierarchical -filter {PARENT=="system_i/AD_9637_IF_0/adc0_clk_to_data_process[3]"}]]]
resize_pblock [get_pblocks {CLKAG_system_i/AD_9637_IF_0/adc0_clk_to_data_process[3]}] -add {CLOCKREGION_X0Y1:CLOCKREGION_X0Y1 CLOCKREGION_X1Y1:CLOCKREGION_X1Y1}
#endgroup

# Clock net "system_i/AD_9637_IF_0/adc0_clk_to_data_process[2]" driven by instance "system_i/AD_9637_IF_0/add_times_copy_reg[10]_i_1__1" located at site "BUFGCTRL_X0Y4"
#startgroup
create_pblock {CLKAG_system_i/AD_9637_IF_0/adc0_clk_to_data_process[2]}
add_cells_to_pblock [get_pblocks  {CLKAG_system_i/AD_9637_IF_0/adc0_clk_to_data_process[2]}] [get_cells -filter { PRIMITIVE_GROUP != I/O && IS_PRIMITIVE==1 && PRIMITIVE_LEVEL !=INTERNAL } -of_object [get_pins -filter {DIRECTION==IN} -of_objects [get_nets -hierarchical -filter {PARENT=="system_i/AD_9637_IF_0/adc0_clk_to_data_process[2]"}]]]
resize_pblock [get_pblocks {CLKAG_system_i/AD_9637_IF_0/adc0_clk_to_data_process[2]}] -add {CLOCKREGION_X1Y1:CLOCKREGION_X1Y1}
#endgroup

# Clock net "system_i/AD_9637_IF_0/adc0_clk_to_data_process[1]" driven by instance "system_i/AD_9637_IF_0/add_times_copy_reg[10]_i_1__0" located at site "BUFGCTRL_X0Y3"
#startgroup
create_pblock {CLKAG_system_i/AD_9637_IF_0/adc0_clk_to_data_process[1]}
add_cells_to_pblock [get_pblocks  {CLKAG_system_i/AD_9637_IF_0/adc0_clk_to_data_process[1]}] [get_cells -filter { PRIMITIVE_GROUP != I/O && IS_PRIMITIVE==1 && PRIMITIVE_LEVEL !=INTERNAL } -of_object [get_pins -filter {DIRECTION==IN} -of_objects [get_nets -hierarchical -filter {PARENT=="system_i/AD_9637_IF_0/adc0_clk_to_data_process[1]"}]]]
resize_pblock [get_pblocks {CLKAG_system_i/AD_9637_IF_0/adc0_clk_to_data_process[1]}] -add {CLOCKREGION_X1Y1:CLOCKREGION_X1Y1}
#endgroup

# Clock net "system_i/AD_9637_IF_0/adc0_clk_to_data_process[0]" driven by instance "system_i/AD_9637_IF_0/add_times_copy_reg[10]_i_1" located at site "BUFGCTRL_X0Y2"
#startgroup
create_pblock {CLKAG_system_i/AD_9637_IF_0/adc0_clk_to_data_process[0]}
add_cells_to_pblock [get_pblocks  {CLKAG_system_i/AD_9637_IF_0/adc0_clk_to_data_process[0]}] [get_cells -filter { PRIMITIVE_GROUP != I/O && IS_PRIMITIVE==1 && PRIMITIVE_LEVEL !=INTERNAL } -of_object [get_pins -filter {DIRECTION==IN} -of_objects [get_nets -hierarchical -filter {PARENT=="system_i/AD_9637_IF_0/adc0_clk_to_data_process[0]"}]]]
resize_pblock [get_pblocks {CLKAG_system_i/AD_9637_IF_0/adc0_clk_to_data_process[0]}] -add {CLOCKREGION_X1Y1:CLOCKREGION_X1Y1}
#endgroup
