Copyright 1986-2019 Xilinx, Inc. All Rights Reserved.
---------------------------------------------------------------------------------------------------------------------------------
| Tool Version : Vivado v.2019.1 (win64) Build 2552052 Fri May 24 14:49:42 MDT 2019
| Date         : Fri Oct  9 18:51:27 2020
| Host         : DESKTOP-ALAIN running 64-bit major release  (build 9200)
| Command      : report_drc -file system_wrapper_drc_opted.rpt -pb system_wrapper_drc_opted.pb -rpx system_wrapper_drc_opted.rpx
| Design       : system_wrapper
| Device       : xc7z020clg484-1
| Speed File   : -1
| Design State : Synthesized
---------------------------------------------------------------------------------------------------------------------------------

Report DRC

Table of Contents
-----------------
1. REPORT SUMMARY
2. REPORT DETAILS

1. REPORT SUMMARY
-----------------
            Netlist: netlist
          Floorplan: design_1
      Design limits: <entire design considered>
           Ruledeck: default
             Max violations: <unlimited>
             Violations found: 17
+-----------+----------+-----------------+------------+
| Rule      | Severity | Description     | Violations |
+-----------+----------+-----------------+------------+
| REQP-1580 | Warning  | Phase alignment | 16         |
| REQP-181  | Advisory | writefirst      | 1          |
+-----------+----------+-----------------+------------+

2. REPORT DETAILS
-----------------
REQP-1580#1 Warning
Phase alignment  
Unsupported clocking topology used for ISERDESE2 system_i/AD_9637_IF_0/inst/u_AD_9367_deserializer/gen_adc0_serdes[0].ISERDESE2_inst_adc0. This can result in corrupted data. The system_i/AD_9637_IF_0/inst/u_AD_9367_deserializer/gen_adc0_serdes[0].ISERDESE2_inst_adc0/CLK / system_i/AD_9637_IF_0/inst/u_AD_9367_deserializer/gen_adc0_serdes[0].ISERDESE2_inst_adc0/CLKDIV pins should be driven by the same source through the same buffer type or by a BUFIO / BUFR combination in order to have a proper phase relationship. Please refer to the Select I/O User Guide for supported clocking topologies of the chosen INTERFACE_TYPE mode.
Related violations: <none>

REQP-1580#2 Warning
Phase alignment  
Unsupported clocking topology used for ISERDESE2 system_i/AD_9637_IF_0/inst/u_AD_9367_deserializer/gen_adc0_serdes[1].ISERDESE2_inst_adc0. This can result in corrupted data. The system_i/AD_9637_IF_0/inst/u_AD_9367_deserializer/gen_adc0_serdes[1].ISERDESE2_inst_adc0/CLK / system_i/AD_9637_IF_0/inst/u_AD_9367_deserializer/gen_adc0_serdes[1].ISERDESE2_inst_adc0/CLKDIV pins should be driven by the same source through the same buffer type or by a BUFIO / BUFR combination in order to have a proper phase relationship. Please refer to the Select I/O User Guide for supported clocking topologies of the chosen INTERFACE_TYPE mode.
Related violations: <none>

REQP-1580#3 Warning
Phase alignment  
Unsupported clocking topology used for ISERDESE2 system_i/AD_9637_IF_0/inst/u_AD_9367_deserializer/gen_adc0_serdes[2].ISERDESE2_inst_adc0. This can result in corrupted data. The system_i/AD_9637_IF_0/inst/u_AD_9367_deserializer/gen_adc0_serdes[2].ISERDESE2_inst_adc0/CLK / system_i/AD_9637_IF_0/inst/u_AD_9367_deserializer/gen_adc0_serdes[2].ISERDESE2_inst_adc0/CLKDIV pins should be driven by the same source through the same buffer type or by a BUFIO / BUFR combination in order to have a proper phase relationship. Please refer to the Select I/O User Guide for supported clocking topologies of the chosen INTERFACE_TYPE mode.
Related violations: <none>

REQP-1580#4 Warning
Phase alignment  
Unsupported clocking topology used for ISERDESE2 system_i/AD_9637_IF_0/inst/u_AD_9367_deserializer/gen_adc0_serdes[3].ISERDESE2_inst_adc0. This can result in corrupted data. The system_i/AD_9637_IF_0/inst/u_AD_9367_deserializer/gen_adc0_serdes[3].ISERDESE2_inst_adc0/CLK / system_i/AD_9637_IF_0/inst/u_AD_9367_deserializer/gen_adc0_serdes[3].ISERDESE2_inst_adc0/CLKDIV pins should be driven by the same source through the same buffer type or by a BUFIO / BUFR combination in order to have a proper phase relationship. Please refer to the Select I/O User Guide for supported clocking topologies of the chosen INTERFACE_TYPE mode.
Related violations: <none>

REQP-1580#5 Warning
Phase alignment  
Unsupported clocking topology used for ISERDESE2 system_i/AD_9637_IF_0/inst/u_AD_9367_deserializer/gen_adc0_serdes[4].ISERDESE2_inst_adc0. This can result in corrupted data. The system_i/AD_9637_IF_0/inst/u_AD_9367_deserializer/gen_adc0_serdes[4].ISERDESE2_inst_adc0/CLK / system_i/AD_9637_IF_0/inst/u_AD_9367_deserializer/gen_adc0_serdes[4].ISERDESE2_inst_adc0/CLKDIV pins should be driven by the same source through the same buffer type or by a BUFIO / BUFR combination in order to have a proper phase relationship. Please refer to the Select I/O User Guide for supported clocking topologies of the chosen INTERFACE_TYPE mode.
Related violations: <none>

REQP-1580#6 Warning
Phase alignment  
Unsupported clocking topology used for ISERDESE2 system_i/AD_9637_IF_0/inst/u_AD_9367_deserializer/gen_adc0_serdes[5].ISERDESE2_inst_adc0. This can result in corrupted data. The system_i/AD_9637_IF_0/inst/u_AD_9367_deserializer/gen_adc0_serdes[5].ISERDESE2_inst_adc0/CLK / system_i/AD_9637_IF_0/inst/u_AD_9367_deserializer/gen_adc0_serdes[5].ISERDESE2_inst_adc0/CLKDIV pins should be driven by the same source through the same buffer type or by a BUFIO / BUFR combination in order to have a proper phase relationship. Please refer to the Select I/O User Guide for supported clocking topologies of the chosen INTERFACE_TYPE mode.
Related violations: <none>

REQP-1580#7 Warning
Phase alignment  
Unsupported clocking topology used for ISERDESE2 system_i/AD_9637_IF_0/inst/u_AD_9367_deserializer/gen_adc0_serdes[6].ISERDESE2_inst_adc0. This can result in corrupted data. The system_i/AD_9637_IF_0/inst/u_AD_9367_deserializer/gen_adc0_serdes[6].ISERDESE2_inst_adc0/CLK / system_i/AD_9637_IF_0/inst/u_AD_9367_deserializer/gen_adc0_serdes[6].ISERDESE2_inst_adc0/CLKDIV pins should be driven by the same source through the same buffer type or by a BUFIO / BUFR combination in order to have a proper phase relationship. Please refer to the Select I/O User Guide for supported clocking topologies of the chosen INTERFACE_TYPE mode.
Related violations: <none>

REQP-1580#8 Warning
Phase alignment  
Unsupported clocking topology used for ISERDESE2 system_i/AD_9637_IF_0/inst/u_AD_9367_deserializer/gen_adc0_serdes[7].ISERDESE2_inst_adc0. This can result in corrupted data. The system_i/AD_9637_IF_0/inst/u_AD_9367_deserializer/gen_adc0_serdes[7].ISERDESE2_inst_adc0/CLK / system_i/AD_9637_IF_0/inst/u_AD_9367_deserializer/gen_adc0_serdes[7].ISERDESE2_inst_adc0/CLKDIV pins should be driven by the same source through the same buffer type or by a BUFIO / BUFR combination in order to have a proper phase relationship. Please refer to the Select I/O User Guide for supported clocking topologies of the chosen INTERFACE_TYPE mode.
Related violations: <none>

REQP-1580#9 Warning
Phase alignment  
Unsupported clocking topology used for ISERDESE2 system_i/AD_9637_IF_0/inst/u_AD_9367_deserializer/gen_adc1_serdes[0].ISERDESE2_inst_adc1. This can result in corrupted data. The system_i/AD_9637_IF_0/inst/u_AD_9367_deserializer/gen_adc1_serdes[0].ISERDESE2_inst_adc1/CLK / system_i/AD_9637_IF_0/inst/u_AD_9367_deserializer/gen_adc1_serdes[0].ISERDESE2_inst_adc1/CLKDIV pins should be driven by the same source through the same buffer type or by a BUFIO / BUFR combination in order to have a proper phase relationship. Please refer to the Select I/O User Guide for supported clocking topologies of the chosen INTERFACE_TYPE mode.
Related violations: <none>

REQP-1580#10 Warning
Phase alignment  
Unsupported clocking topology used for ISERDESE2 system_i/AD_9637_IF_0/inst/u_AD_9367_deserializer/gen_adc1_serdes[1].ISERDESE2_inst_adc1. This can result in corrupted data. The system_i/AD_9637_IF_0/inst/u_AD_9367_deserializer/gen_adc1_serdes[1].ISERDESE2_inst_adc1/CLK / system_i/AD_9637_IF_0/inst/u_AD_9367_deserializer/gen_adc1_serdes[1].ISERDESE2_inst_adc1/CLKDIV pins should be driven by the same source through the same buffer type or by a BUFIO / BUFR combination in order to have a proper phase relationship. Please refer to the Select I/O User Guide for supported clocking topologies of the chosen INTERFACE_TYPE mode.
Related violations: <none>

REQP-1580#11 Warning
Phase alignment  
Unsupported clocking topology used for ISERDESE2 system_i/AD_9637_IF_0/inst/u_AD_9367_deserializer/gen_adc1_serdes[2].ISERDESE2_inst_adc1. This can result in corrupted data. The system_i/AD_9637_IF_0/inst/u_AD_9367_deserializer/gen_adc1_serdes[2].ISERDESE2_inst_adc1/CLK / system_i/AD_9637_IF_0/inst/u_AD_9367_deserializer/gen_adc1_serdes[2].ISERDESE2_inst_adc1/CLKDIV pins should be driven by the same source through the same buffer type or by a BUFIO / BUFR combination in order to have a proper phase relationship. Please refer to the Select I/O User Guide for supported clocking topologies of the chosen INTERFACE_TYPE mode.
Related violations: <none>

REQP-1580#12 Warning
Phase alignment  
Unsupported clocking topology used for ISERDESE2 system_i/AD_9637_IF_0/inst/u_AD_9367_deserializer/gen_adc1_serdes[3].ISERDESE2_inst_adc1. This can result in corrupted data. The system_i/AD_9637_IF_0/inst/u_AD_9367_deserializer/gen_adc1_serdes[3].ISERDESE2_inst_adc1/CLK / system_i/AD_9637_IF_0/inst/u_AD_9367_deserializer/gen_adc1_serdes[3].ISERDESE2_inst_adc1/CLKDIV pins should be driven by the same source through the same buffer type or by a BUFIO / BUFR combination in order to have a proper phase relationship. Please refer to the Select I/O User Guide for supported clocking topologies of the chosen INTERFACE_TYPE mode.
Related violations: <none>

REQP-1580#13 Warning
Phase alignment  
Unsupported clocking topology used for ISERDESE2 system_i/AD_9637_IF_0/inst/u_AD_9367_deserializer/gen_adc1_serdes[4].ISERDESE2_inst_adc1. This can result in corrupted data. The system_i/AD_9637_IF_0/inst/u_AD_9367_deserializer/gen_adc1_serdes[4].ISERDESE2_inst_adc1/CLK / system_i/AD_9637_IF_0/inst/u_AD_9367_deserializer/gen_adc1_serdes[4].ISERDESE2_inst_adc1/CLKDIV pins should be driven by the same source through the same buffer type or by a BUFIO / BUFR combination in order to have a proper phase relationship. Please refer to the Select I/O User Guide for supported clocking topologies of the chosen INTERFACE_TYPE mode.
Related violations: <none>

REQP-1580#14 Warning
Phase alignment  
Unsupported clocking topology used for ISERDESE2 system_i/AD_9637_IF_0/inst/u_AD_9367_deserializer/gen_adc1_serdes[5].ISERDESE2_inst_adc1. This can result in corrupted data. The system_i/AD_9637_IF_0/inst/u_AD_9367_deserializer/gen_adc1_serdes[5].ISERDESE2_inst_adc1/CLK / system_i/AD_9637_IF_0/inst/u_AD_9367_deserializer/gen_adc1_serdes[5].ISERDESE2_inst_adc1/CLKDIV pins should be driven by the same source through the same buffer type or by a BUFIO / BUFR combination in order to have a proper phase relationship. Please refer to the Select I/O User Guide for supported clocking topologies of the chosen INTERFACE_TYPE mode.
Related violations: <none>

REQP-1580#15 Warning
Phase alignment  
Unsupported clocking topology used for ISERDESE2 system_i/AD_9637_IF_0/inst/u_AD_9367_deserializer/gen_adc1_serdes[6].ISERDESE2_inst_adc1. This can result in corrupted data. The system_i/AD_9637_IF_0/inst/u_AD_9367_deserializer/gen_adc1_serdes[6].ISERDESE2_inst_adc1/CLK / system_i/AD_9637_IF_0/inst/u_AD_9367_deserializer/gen_adc1_serdes[6].ISERDESE2_inst_adc1/CLKDIV pins should be driven by the same source through the same buffer type or by a BUFIO / BUFR combination in order to have a proper phase relationship. Please refer to the Select I/O User Guide for supported clocking topologies of the chosen INTERFACE_TYPE mode.
Related violations: <none>

REQP-1580#16 Warning
Phase alignment  
Unsupported clocking topology used for ISERDESE2 system_i/AD_9637_IF_0/inst/u_AD_9367_deserializer/gen_adc1_serdes[7].ISERDESE2_inst_adc1. This can result in corrupted data. The system_i/AD_9637_IF_0/inst/u_AD_9367_deserializer/gen_adc1_serdes[7].ISERDESE2_inst_adc1/CLK / system_i/AD_9637_IF_0/inst/u_AD_9367_deserializer/gen_adc1_serdes[7].ISERDESE2_inst_adc1/CLKDIV pins should be driven by the same source through the same buffer type or by a BUFIO / BUFR combination in order to have a proper phase relationship. Please refer to the Select I/O User Guide for supported clocking topologies of the chosen INTERFACE_TYPE mode.
Related violations: <none>

REQP-181#1 Advisory
writefirst  
Synchronous clocking is detected for BRAM (system_i/axi_dma_0/U0/I_PRMRY_DATAMOVER/GEN_S2MM_FULL.I_S2MM_FULL_WRAPPER/GEN_ENABLE_INDET_BTT_SF.I_INDET_BTT/I_DATA_FIFO/BLK_MEM.I_SYNC_FIFOGEN_FIFO/xpm_fifo_instance.xpm_fifo_sync_inst/xpm_fifo_base_inst/gen_sdpram.xpm_memory_base_inst/gen_wr_a.gen_word_narrow.mem_reg) in SDP mode with WRITE_FIRST write-mode. This is the preferred mode for best power characteristics, however it may exhibit address collisions if the same address appears on both read and write ports resulting in unknown or corrupted read data. It is suggested to confirm via simulation that an address collision never occurs and if so it is suggested to try and avoid this situation. If address collisions cannot be avoided, the write-mode may be set to READ_FIRST which guarantees that the read data is the prior contents of the memory at the cost of additional power in the design. See the FPGA Memory Resources User Guide for additional information.
Related violations: <none>


