Copyright 1986-2019 Xilinx, Inc. All Rights Reserved.
------------------------------------------------------------------------------------
| Tool Version : Vivado v.2019.1 (win64) Build 2552052 Fri May 24 14:49:42 MDT 2019
| Date         : Fri Oct  9 18:38:12 2020
| Host         : DESKTOP-ALAIN running 64-bit major release  (build 9200)
| Command      : upgrade_ip
| Device       : xc7z020clg484-1
------------------------------------------------------------------------------------

Upgrade Log for IP 'system_AD_9637_SPI_0_0'

1. Summary
----------

SUCCESS in the upgrade of system_AD_9637_SPI_0_0 (xilinx.com:user:AD_9637_SPI:1.0) from (Rev. 4) to (Rev. 5)






Copyright 1986-2019 Xilinx, Inc. All Rights Reserved.
------------------------------------------------------------------------------------
| Tool Version : Vivado v.2019.1 (win64) Build 2552052 Fri May 24 14:49:42 MDT 2019
| Date         : Fri Oct  9 18:38:12 2020
| Host         : DESKTOP-ALAIN running 64-bit major release  (build 9200)
| Command      : upgrade_ip
| Device       : xc7z020clg484-1
------------------------------------------------------------------------------------

Upgrade Log for IP 'system_AD_9637_IF_0_0'

1. Summary
----------

SUCCESS in the upgrade of system_AD_9637_IF_0_0 (xilinx.com:user:AD_9637_IF:1.0) from (Rev. 12) to (Rev. 14)






Copyright 1986-2019 Xilinx, Inc. All Rights Reserved.
------------------------------------------------------------------------------------
| Tool Version : Vivado v.2019.1 (win64) Build 2552052 Fri May 24 14:49:42 MDT 2019
| Date         : Fri Oct  9 13:41:45 2020
| Host         : DESKTOP-ALAIN running 64-bit major release  (build 9200)
| Command      : upgrade_ip
| Device       : xc7z020clg484-1
------------------------------------------------------------------------------------

Upgrade Log for IP 'system_AD_9637_IF_0_0'

1. Summary
----------

SUCCESS in the upgrade of system_AD_9637_IF_0_0 (xilinx.com:user:AD_9637_IF:1.0) from (Rev. 11) to (Rev. 12)






Copyright 1986-2019 Xilinx, Inc. All Rights Reserved.
------------------------------------------------------------------------------------
| Tool Version : Vivado v.2019.1 (win64) Build 2552052 Fri May 24 14:49:42 MDT 2019
| Date         : Fri Oct  9 12:18:16 2020
| Host         : DESKTOP-ALAIN running 64-bit major release  (build 9200)
| Command      : upgrade_ip
| Device       : xc7z020clg484-1
------------------------------------------------------------------------------------

Upgrade Log for IP 'system_AD_9637_IF_0_0'

1. Summary
----------

SUCCESS in the upgrade of system_AD_9637_IF_0_0 (xilinx.com:user:AD_9637_IF:1.0) from (Rev. 10) to (Rev. 11)






Copyright 1986-2019 Xilinx, Inc. All Rights Reserved.
------------------------------------------------------------------------------------
| Tool Version : Vivado v.2019.1 (win64) Build 2552052 Fri May 24 14:49:42 MDT 2019
| Date         : Fri Oct  9 11:41:02 2020
| Host         : DESKTOP-ALAIN running 64-bit major release  (build 9200)
| Command      : upgrade_ip
| Device       : xc7z020clg484-1
------------------------------------------------------------------------------------

Upgrade Log for IP 'system_AD_9637_IF_0_0'

1. Summary
----------

SUCCESS in the upgrade of system_AD_9637_IF_0_0 (xilinx.com:user:AD_9637_IF:1.0) from (Rev. 9) to (Rev. 10)






Copyright 1986-2019 Xilinx, Inc. All Rights Reserved.
------------------------------------------------------------------------------------
| Tool Version : Vivado v.2019.1 (win64) Build 2552052 Fri May 24 14:49:42 MDT 2019
| Date         : Fri Oct  9 10:57:44 2020
| Host         : DESKTOP-ALAIN running 64-bit major release  (build 9200)
| Command      : upgrade_ip
| Device       : xc7z020clg484-1
------------------------------------------------------------------------------------

Upgrade Log for IP 'system_AD_9637_IF_0_0'

1. Summary
----------

SUCCESS in the upgrade of system_AD_9637_IF_0_0 (xilinx.com:user:AD_9637_IF:1.0) from (Rev. 8) to (Rev. 9)






Copyright 1986-2019 Xilinx, Inc. All Rights Reserved.
------------------------------------------------------------------------------------
| Tool Version : Vivado v.2019.1 (win64) Build 2552052 Fri May 24 14:49:42 MDT 2019
| Date         : Thu Oct  8 00:29:20 2020
| Host         : DESKTOP-ALAIN running 64-bit major release  (build 9200)
| Command      : upgrade_ip
| Device       : xc7z020clg484-1
------------------------------------------------------------------------------------

Upgrade Log for IP 'system_AD_9637_IF_0_0'

1. Summary
----------

SUCCESS in the upgrade of system_AD_9637_IF_0_0 (xilinx.com:user:AD_9637_IF:1.0) from (Rev. 7) to (Rev. 8)






Copyright 1986-2019 Xilinx, Inc. All Rights Reserved.
------------------------------------------------------------------------------------
| Tool Version : Vivado v.2019.1 (win64) Build 2552052 Fri May 24 14:49:42 MDT 2019
| Date         : Mon Oct  5 05:00:50 2020
| Host         : DESKTOP-ALAIN running 64-bit major release  (build 9200)
| Command      : upgrade_ip
| Device       : xc7z020clg484-1
------------------------------------------------------------------------------------

Upgrade Log for IP 'system_AD_9637_IF_0_0'

1. Summary
----------

SUCCESS in the upgrade of system_AD_9637_IF_0_0 (xilinx.com:user:AD_9637_IF:1.0) from (Rev. 6) to (Rev. 7)






Copyright 1986-2019 Xilinx, Inc. All Rights Reserved.
------------------------------------------------------------------------------------
| Tool Version : Vivado v.2019.1 (win64) Build 2552052 Fri May 24 14:49:42 MDT 2019
| Date         : Sat Oct  3 23:47:57 2020
| Host         : DESKTOP-ALAIN running 64-bit major release  (build 9200)
| Command      : upgrade_ip
| Device       : xc7z020clg484-1
------------------------------------------------------------------------------------

Upgrade Log for IP 'system_AD_9637_IF_0_0'

1. Summary
----------

SUCCESS in the upgrade of system_AD_9637_IF_0_0 (xilinx.com:user:AD_9637_IF:1.0) from (Rev. 5) to (Rev. 6)






Copyright 1986-2019 Xilinx, Inc. All Rights Reserved.
------------------------------------------------------------------------------------
| Tool Version : Vivado v.2019.1 (win64) Build 2552052 Fri May 24 14:49:42 MDT 2019
| Date         : Sat Oct  3 22:47:21 2020
| Host         : DESKTOP-ALAIN running 64-bit major release  (build 9200)
| Command      : upgrade_ip
| Device       : xc7z020clg484-1
------------------------------------------------------------------------------------

Upgrade Log for IP 'system_AD_9637_IF_0_0'

1. Summary
----------

SUCCESS in the upgrade of system_AD_9637_IF_0_0 (xilinx.com:user:AD_9637_IF:1.0) from (Rev. 4) to (Rev. 5)






Copyright 1986-2019 Xilinx, Inc. All Rights Reserved.
------------------------------------------------------------------------------------
| Tool Version : Vivado v.2019.1 (win64) Build 2552052 Fri May 24 14:49:42 MDT 2019
| Date         : Sat Oct  3 16:18:45 2020
| Host         : DESKTOP-ALAIN running 64-bit major release  (build 9200)
| Command      : upgrade_ip
| Device       : xc7z020clg484-1
------------------------------------------------------------------------------------

Upgrade Log for IP 'system_AD_9637_IF_0_0'

1. Summary
----------

SUCCESS in the upgrade of system_AD_9637_IF_0_0 (xilinx.com:user:AD_9637_IF:1.0) from (Rev. 3) to (Rev. 4)






Copyright 1986-2019 Xilinx, Inc. All Rights Reserved.
------------------------------------------------------------------------------------
| Tool Version : Vivado v.2019.1 (win64) Build 2552052 Fri May 24 14:49:42 MDT 2019
| Date         : Sat Oct  3 12:21:47 2020
| Host         : DESKTOP-ALAIN running 64-bit major release  (build 9200)
| Command      : upgrade_ip
| Device       : xc7z020clg484-1
------------------------------------------------------------------------------------

Upgrade Log for IP 'system_AD_9637_SPI_0_0'

1. Summary
----------

SUCCESS in the upgrade of system_AD_9637_SPI_0_0 (xilinx.com:user:AD_9637_SPI:1.0) from (Rev. 3) to (Rev. 4)

